<?xml version="1.0" encoding="UTF-8"?>
<!-- Generated by org.testng.reporters.JUnitReportReporter -->
<testsuite hostname="DESKTOP-8RNOGRT" failures="0" tests="2" name="package1.ContactTest1" time="0.031" errors="0" timestamp="2024-05-29T18:49:13 IST" skipped="0">
  <testcase classname="package1.ContactTest1" name="modifyContactTest" time="0.003"/>
  <system-out/>
  <testcase classname="package1.ContactTest1" name="createContactTest" time="0.028"/>
  <system-out/>
</testsuite> <!-- package1.ContactTest1 -->
